\BOOKMARK [0][-]{chapter*.1}{\376\377\000K\000A\000T\000A\000\040\000P\000E\000N\000G\000A\000N\000T\000A\000R}{}% 1
\BOOKMARK [0][-]{chapter.1}{\376\377\000P\000E\000N\000D\000A\000H\000U\000L\000U\000A\000N}{}% 2
\BOOKMARK [1][-]{section.1.1}{\376\377\000L\000a\000t\000a\000r\000\040\000B\000e\000l\000a\000k\000a\000n\000g}{chapter.1}% 3
\BOOKMARK [1][-]{section.1.2}{\376\377\000R\000u\000m\000u\000s\000a\000n\000\040\000M\000a\000s\000a\000l\000a\000h}{chapter.1}% 4
\BOOKMARK [1][-]{section.1.3}{\376\377\000T\000u\000j\000u\000a\000n}{chapter.1}% 5
\BOOKMARK [1][-]{section.1.4}{\376\377\000M\000a\000n\000f\000a\000a\000t}{chapter.1}% 6
\BOOKMARK [1][-]{section.1.5}{\376\377\000B\000a\000t\000a\000s\000a\000n\000\040\000M\000a\000s\000a\000l\000a\000h}{chapter.1}% 7
\BOOKMARK [0][-]{chapter.2}{\376\377\000T\000I\000N\000J\000A\000U\000A\000N\000\040\000P\000U\000S\000T\000A\000K\000A}{}% 8
\BOOKMARK [1][-]{section.2.1}{\376\377\000I\000n\000t\000e\000r\000n\000e\000t\000\040\000o\000f\000\040\000T\000h\000i\000n\000g\000s\000\040\000\050\000I\000o\000T\000\051}{chapter.2}% 9
\BOOKMARK [1][-]{section.2.2}{\376\377\000S\000e\000n\000s\000o\000r\000\040\000K\000e\000l\000e\000m\000b\000a\000b\000a\000n\000\040\000T\000a\000n\000a\000h}{chapter.2}% 10
\BOOKMARK [2][-]{subsection.2.2.1}{\376\377\000Y\000L\000-\0006\0009\000\040\000\050\000R\000e\000s\000i\000s\000t\000i\000v\000e\000\040\000S\000o\000i\000l\000\040\000S\000e\000n\000s\000o\000r\000\051}{section.2.2}% 11
\BOOKMARK [2][-]{subsection.2.2.2}{\376\377\000C\000a\000p\000a\000c\000i\000t\000i\000v\000e\000\040\000S\000o\000i\000l\000\040\000S\000e\000n\000s\000o\000r\000\040\000v\0001\000.\0002}{section.2.2}% 12
\BOOKMARK [2][-]{subsection.2.2.3}{\376\377\000P\000e\000r\000b\000a\000n\000d\000i\000n\000g\000a\000n\000\040\000S\000e\000n\000s\000o\000r\000\040\000K\000e\000l\000e\000m\000b\000a\000b\000a\000n\000\040\000T\000a\000n\000a\000h}{section.2.2}% 13
\BOOKMARK [1][-]{section.2.3}{\376\377\000M\000i\000k\000r\000o\000k\000o\000n\000t\000r\000o\000l\000e\000r}{chapter.2}% 14
\BOOKMARK [2][-]{subsection.2.3.1}{\376\377\000E\000S\000P\0003\0002}{section.2.3}% 15
\BOOKMARK [2][-]{subsection.2.3.2}{\376\377\000E\000S\000P\0008\0002\0006\0006}{section.2.3}% 16
\BOOKMARK [2][-]{subsection.2.3.3}{\376\377\000A\000r\000d\000u\000i\000n\000o\000\040\000U\000n\000o}{section.2.3}% 17
\BOOKMARK [2][-]{subsection.2.3.4}{\376\377\000P\000e\000r\000b\000a\000n\000d\000i\000n\000g\000a\000n\000\040\000M\000i\000k\000r\000o\000k\000o\000n\000t\000r\000o\000l\000e\000r}{section.2.3}% 18
\BOOKMARK [1][-]{section.2.4}{\376\377\000A\000k\000t\000u\000a\000t\000o\000r\000:\000\040\000S\000o\000l\000e\000n\000o\000i\000d\000\040\000V\000a\000l\000v\000e\000\040\000\050\000R\000e\000k\000o\000m\000e\000n\000d\000a\000s\000i\000\051}{chapter.2}% 19
\BOOKMARK [2][-]{subsection.2.4.1}{\376\377\000S\000o\000l\000e\000n\000o\000i\000d\000\040\000V\000a\000l\000v\000e\000\040\0001\0002\000V\000\040\000N\000C\000\040\000\050\000N\000o\000r\000m\000a\000l\000l\000y\000\040\000C\000l\000o\000s\000e\000d\000\051}{section.2.4}% 20
\BOOKMARK [2][-]{subsection.2.4.2}{\376\377\000P\000e\000r\000b\000a\000n\000d\000i\000n\000g\000a\000n\000:\000\040\000S\000o\000l\000e\000n\000o\000i\000d\000\040\000V\000a\000l\000v\000e\000\040\000v\000s\000\040\000P\000o\000m\000p\000a\000\040\000D\000C}{section.2.4}% 21
\BOOKMARK [2][-]{subsection.2.4.3}{\376\377\000S\000o\000l\000e\000n\000o\000i\000d\000\040\000V\000a\000l\000v\000e}{section.2.4}% 22
\BOOKMARK [1][-]{section.2.5}{\376\377\000P\000r\000o\000t\000o\000k\000o\000l\000\040\000K\000o\000m\000u\000n\000i\000k\000a\000s\000i\000\040\000I\000o\000T}{chapter.2}% 23
\BOOKMARK [2][-]{subsection.2.5.1}{\376\377\000M\000Q\000T\000T\000\040\000\050\000M\000e\000s\000s\000a\000g\000e\000\040\000Q\000u\000e\000u\000i\000n\000g\000\040\000T\000e\000l\000e\000m\000e\000t\000r\000y\000\040\000T\000r\000a\000n\000s\000p\000o\000r\000t\000\051}{section.2.5}% 24
\BOOKMARK [2][-]{subsection.2.5.2}{\376\377\000H\000T\000T\000P\000\040\000R\000E\000S\000T\000\040\000A\000P\000I}{section.2.5}% 25
\BOOKMARK [1][-]{section.2.6}{\376\377\000S\000i\000s\000t\000e\000m\000\040\000I\000r\000i\000g\000a\000s\000i\000\040\000T\000e\000t\000e\000s\000\040\000\050\000D\000r\000i\000p\000\040\000I\000r\000r\000i\000g\000a\000t\000i\000o\000n\000\051}{chapter.2}% 26
\BOOKMARK [1][-]{section.2.7}{\376\377\000P\000e\000r\000b\000a\000n\000d\000i\000n\000g\000a\000n\000\040\000M\000e\000t\000o\000d\000e\000\040\000P\000e\000n\000y\000i\000r\000a\000m\000a\000n}{chapter.2}% 27
\BOOKMARK [0][-]{chapter.3}{\376\377\000M\000E\000T\000O\000D\000E\000\040\000P\000E\000R\000A\000N\000C\000A\000N\000G\000A\000N}{}% 28
\BOOKMARK [1][-]{section.3.1}{\376\377\000D\000i\000a\000g\000r\000a\000m\000\040\000B\000l\000o\000k\000\040\000S\000i\000s\000t\000e\000m}{chapter.3}% 29
\BOOKMARK [1][-]{section.3.2}{\376\377\000A\000r\000s\000i\000t\000e\000k\000t\000u\000r\000\040\000S\000i\000s\000t\000e\000m\000\040\000L\000e\000n\000g\000k\000a\000p}{chapter.3}% 30
\BOOKMARK [2][-]{subsection.3.2.1}{\376\377\000P\000e\000r\000a\000n\000g\000k\000a\000t\000\040\000K\000e\000r\000a\000s\000\040\000\050\000H\000a\000r\000d\000w\000a\000r\000e\000\040\000L\000a\000y\000e\000r\000\051}{section.3.2}% 31
\BOOKMARK [2][-]{subsection.3.2.2}{\376\377\000J\000a\000r\000i\000n\000g\000a\000n\000\040\000d\000a\000n\000\040\000K\000o\000m\000u\000n\000i\000k\000a\000s\000i}{section.3.2}% 32
\BOOKMARK [2][-]{subsection.3.2.3}{\376\377\000B\000a\000c\000k\000e\000n\000d\000\040\040\024\000\040\000S\000u\000p\000a\000b\000a\000s\000e\000\040\000\050\000C\000l\000o\000u\000d\000,\000\040\000G\000r\000a\000t\000i\000s\000\051}{section.3.2}% 33
\BOOKMARK [1][-]{section.3.3}{\376\377\000P\000e\000r\000b\000a\000n\000d\000i\000n\000g\000a\000n\000\040\000P\000e\000r\000a\000n\000g\000k\000a\000t\000\040\000K\000o\000n\000e\000k\000s\000i\000\040\000I\000n\000t\000e\000r\000n\000e\000t\000\040\000u\000n\000t\000u\000k\000\040\000I\000o\000T}{chapter.3}% 34
\BOOKMARK [2][-]{subsection.3.3.1}{\376\377\000O\000p\000s\000i\000\040\0001\000:\000\040\000W\000i\000F\000i\000\040\000R\000u\000m\000a\000h\000a\000n\000\040\000\050\000I\000S\000P\000\051}{section.3.3}% 35
\BOOKMARK [2][-]{subsection.3.3.2}{\376\377\000O\000p\000s\000i\000\040\0002\000:\000\040\000P\000o\000c\000k\000e\000t\000\040\000M\000i\000f\000i\000\040\000\050\000H\000u\000a\000w\000e\000i\000\040\000E\0005\0005\0007\0007\000C\000s\000-\0003\0002\0001\000\051}{section.3.3}% 36
\BOOKMARK [2][-]{subsection.3.3.3}{\376\377\000O\000p\000s\000i\000\040\0003\000:\000\040\000U\000S\000B\000\040\000M\000o\000d\000e\000m\000\040\000\050\000H\000u\000a\000w\000e\000i\000\040\000E\0003\0003\0007\0002\000h\000\051}{section.3.3}% 37
\BOOKMARK [2][-]{subsection.3.3.4}{\376\377\000O\000p\000s\000i\000\040\0004\000:\000\040\0004\000G\000\040\000L\000T\000E\000\040\000R\000o\000u\000t\000e\000r\000\040\000\050\000H\000u\000a\000w\000e\000i\000\040\000B\0005\0003\0005\000-\0009\0003\0002\000\051\000\040\040\024\000\040\330\075\335\045\000\040\000R\000E\000K\000O\000M\000E\000N\000D\000A\000S\000I}{section.3.3}% 38
\BOOKMARK [2][-]{subsection.3.3.5}{\376\377\000T\000a\000b\000e\000l\000\040\000P\000e\000r\000b\000a\000n\000d\000i\000n\000g\000a\000n\000\040\000L\000e\000n\000g\000k\000a\000p}{section.3.3}% 39
\BOOKMARK [2][-]{subsection.3.3.6}{\376\377\000K\000e\000p\000u\000t\000u\000s\000a\000n\000:\000\040\000H\000u\000a\000w\000e\000i\000\040\000B\0005\0003\0005\000-\0009\0003\0002}{section.3.3}% 40
\BOOKMARK [2][-]{subsection.3.3.7}{\376\377\000A\000p\000l\000i\000k\000a\000s\000i\000\040\000A\000n\000d\000r\000o\000i\000d}{section.3.3}% 41
\BOOKMARK [1][-]{section.3.4}{\376\377\000F\000l\000o\000w\000c\000h\000a\000r\000t\000\040\000S\000i\000s\000t\000e\000m}{chapter.3}% 42
\BOOKMARK [2][-]{subsection.3.4.1}{\376\377\000A\000l\000u\000r\000\040\000S\000i\000s\000t\000e\000m\000\040\000U\000t\000a\000m\000a}{section.3.4}% 43
\BOOKMARK [2][-]{subsection.3.4.2}{\376\377\000A\000l\000u\000r\000\040\000A\000p\000l\000i\000k\000a\000s\000i\000\040\000A\000n\000d\000r\000o\000i\000d}{section.3.4}% 44
\BOOKMARK [1][-]{section.3.5}{\376\377\000S\000p\000e\000s\000i\000f\000i\000k\000a\000s\000i\000\040\000H\000a\000r\000d\000w\000a\000r\000e\000\040\000L\000e\000n\000g\000k\000a\000p}{chapter.3}% 45
\BOOKMARK [1][-]{section.3.6}{\376\377\000S\000p\000e\000s\000i\000f\000i\000k\000a\000s\000i\000\040\000S\000o\000f\000t\000w\000a\000r\000e}{chapter.3}% 46
\BOOKMARK [1][-]{section.3.7}{\376\377\000R\000a\000n\000c\000a\000n\000g\000a\000n\000\040\000R\000a\000n\000g\000k\000a\000i\000a\000n}{chapter.3}% 47
\BOOKMARK [2][-]{subsection.3.7.1}{\376\377\000S\000k\000e\000m\000a\000t\000i\000k\000\040\000E\000S\000P\0003\0002\000\040\000k\000e\000\040\000S\000e\000n\000s\000o\000r\000\040\000d\000a\000n\000\040\000R\000e\000l\000a\000y}{section.3.7}% 48
\BOOKMARK [2][-]{subsection.3.7.2}{\376\377\000T\000a\000b\000e\000l\000\040\000K\000o\000n\000e\000k\000s\000i\000\040\000P\000i\000n}{section.3.7}% 49
\BOOKMARK [1][-]{section.3.8}{\376\377\000I\000n\000s\000t\000a\000l\000a\000s\000i\000\040\000S\000e\000n\000s\000o\000r\000\040\000J\000a\000r\000a\000k\000\040\000J\000a\000u\000h}{chapter.3}% 50
\BOOKMARK [2][-]{subsection.3.8.1}{\376\377\000P\000e\000r\000m\000a\000s\000a\000l\000a\000h\000a\000n\000\040\000J\000a\000r\000a\000k\000\040\000S\000e\000n\000s\000o\000r}{section.3.8}% 51
\BOOKMARK [2][-]{subsection.3.8.2}{\376\377\000O\000p\000s\000i\000\040\0001\000:\000\040\0004\040\023\0002\0000\000m\000A\000\040\000C\000u\000r\000r\000e\000n\000t\000\040\000L\000o\000o\000p\000\040\000\050\000R\000e\000k\000o\000m\000e\000n\000d\000a\000s\000i\000\040\000U\000t\000a\000m\000a\000\051}{section.3.8}% 52
\BOOKMARK [2][-]{subsection.3.8.3}{\376\377\000O\000p\000s\000i\000\040\0002\000:\000\040\000R\000S\0004\0008\0005\000\040\000D\000i\000g\000i\000t\000a\000l}{section.3.8}% 53
\BOOKMARK [2][-]{subsection.3.8.4}{\376\377\000O\000p\000s\000i\000\040\0003\000:\000\040\000L\000o\000R\000a\000\040\000W\000i\000r\000e\000l\000e\000s\000s\000\040\000\050\000T\000a\000n\000p\000a\000\040\000K\000a\000b\000e\000l\000\051}{section.3.8}% 54
\BOOKMARK [2][-]{subsection.3.8.5}{\376\377\000P\000e\000r\000b\000a\000n\000d\000i\000n\000g\000a\000n\000\040\000L\000e\000n\000g\000k\000a\000p}{section.3.8}% 55
\BOOKMARK [2][-]{subsection.3.8.6}{\376\377\000R\000e\000k\000o\000m\000e\000n\000d\000a\000s\000i\000\040\000K\000a\000b\000e\000l\000\040\000S\000p\000e\000s\000i\000f\000i\000k}{section.3.8}% 56
\BOOKMARK [2][-]{subsection.3.8.7}{\376\377\000K\000e\000p\000u\000t\000u\000s\000a\000n\000\040\000d\000a\000n\000\040\000R\000e\000k\000o\000m\000e\000n\000d\000a\000s\000i\000\040\000F\000i\000n\000a\000l}{section.3.8}% 57
\BOOKMARK [0][-]{chapter.4}{\376\377\000R\000E\000N\000C\000A\000N\000A\000\040\000I\000M\000P\000L\000E\000M\000E\000N\000T\000A\000S\000I}{}% 58
\BOOKMARK [1][-]{section.4.1}{\376\377\000T\000a\000h\000a\000p\000a\000n\000\040\000P\000e\000n\000g\000e\000m\000b\000a\000n\000g\000a\000n}{chapter.4}% 59
\BOOKMARK [1][-]{section.4.2}{\376\377\000T\000a\000b\000e\000l\000\040\000D\000a\000t\000a\000b\000a\000s\000e\000\040\000S\000u\000p\000a\000b\000a\000s\000e}{chapter.4}% 60
\BOOKMARK [1][-]{section.4.3}{\376\377\000R\000e\000n\000c\000a\000n\000a\000\040\000P\000e\000n\000g\000u\000j\000i\000a\000n}{chapter.4}% 61
\BOOKMARK [1][-]{section.4.4}{\376\377\000R\000i\000n\000c\000i\000a\000n\000\040\000A\000l\000a\000t\000\040\000d\000a\000n\000\040\000B\000a\000h\000a\000n\000\040\000\050\000B\000i\000l\000l\000\040\000o\000f\000\040\000M\000a\000t\000e\000r\000i\000a\000l\000s\000\051}{chapter.4}% 62
\BOOKMARK [2][-]{subsection.4.4.1}{\376\377\000T\000a\000b\000e\000l\000\040\000B\000i\000l\000l\000\040\000o\000f\000\040\000M\000a\000t\000e\000r\000i\000a\000l\000s\000\040\000\050\000B\000O\000M\000\051}{section.4.4}% 63
\BOOKMARK [2][-]{subsection.4.4.2}{\376\377\000R\000e\000k\000a\000p\000i\000t\000u\000l\000a\000s\000i\000\040\000B\000i\000a\000y\000a}{section.4.4}% 64
\BOOKMARK [2][-]{subsection.4.4.3}{\376\377\000S\000k\000e\000m\000a\000\040\000W\000i\000r\000i\000n\000g\000\040\000T\000e\000r\000b\000a\000i\000k\000\040\040\024\000\040\000F\000i\000n\000a\000l}{section.4.4}% 65
\BOOKMARK [2][-]{subsection.4.4.4}{\376\377\000A\000l\000u\000r\000\040\000K\000e\000r\000j\000a\000\040\000S\000i\000s\000t\000e\000m\000\040\000F\000i\000n\000a\000l}{section.4.4}% 66
\BOOKMARK [0][-]{chapter.5}{\376\377\000P\000E\000N\000U\000T\000U\000P}{}% 67
\BOOKMARK [1][-]{section.5.1}{\376\377\000K\000e\000s\000i\000m\000p\000u\000l\000a\000n}{chapter.5}% 68
\BOOKMARK [1][-]{section.5.2}{\376\377\000S\000a\000r\000a\000n}{chapter.5}% 69
\BOOKMARK [0][-]{chapter*.35}{\376\377\000D\000A\000F\000T\000A\000R\000\040\000P\000U\000S\000T\000A\000K\000A}{}% 70
